<?xml version="1.0" encoding="UTF-8"?>
<!-- Generated by org.testng.reporters.JUnitXMLReporter -->
<testsuite ignored="1" hostname="DESKTOP-O08QPAT" failures="0" tests="2" name="TechnicalStuff" time="0.035" errors="0" timestamp="2026-02-11T15:28:34 IST">
  <testcase classname="testng.Day3" name="Playwright" time="0.006"/>
  <testcase classname="testng.Day3" name="Selenium" time="0.01"/>
  <testcase classname="testng.Day3" name="API" time="0.0">
    <ignored/>
  </testcase> <!-- API -->
</testsuite> <!-- TechnicalStuff -->
