<?xml version="1.0" encoding="UTF-8"?>
<!-- Generated by org.testng.reporters.JUnitXMLReporter -->
<testsuite ignored="10" hostname="DESKTOP-O08QPAT" failures="0" tests="2" name="Test" time="0.222" errors="0" timestamp="2026-02-11T19:18:54 IST">
  <testcase classname="testng.Day1" name="method" time="0.024"/>
  <testcase classname="testng.Day2" name="method22" time="0.032"/>
  <testcase classname="testng.Day4" name="Cypress" time="0.0">
    <ignored/>
  </testcase> <!-- Cypress -->
  <testcase classname="testng.Day4" name="JMeter" time="0.0">
    <ignored/>
  </testcase> <!-- JMeter -->
  <testcase classname="testng.Day3" name="Playwright" time="0.0">
    <ignored/>
  </testcase> <!-- Playwright -->
  <testcase classname="testng.Day3" name="API" time="0.0">
    <ignored/>
  </testcase> <!-- API -->
  <testcase classname="testng.Day4" name="RESTAPI" time="0.0">
    <ignored/>
  </testcase> <!-- RESTAPI -->
  <testcase classname="testng.Day1" name="method2" time="0.0">
    <ignored/>
  </testcase> <!-- method2 -->
  <testcase classname="testng.Day4" name="APITest" time="0.0">
    <ignored/>
  </testcase> <!-- APITest -->
  <testcase classname="testng.Day2" name="method01" time="0.0">
    <ignored/>
  </testcase> <!-- method01 -->
  <testcase classname="testng.Day3" name="Selenium" time="0.0">
    <ignored/>
  </testcase> <!-- Selenium -->
  <testcase classname="testng.Day2" name="method11" time="0.0">
    <ignored/>
  </testcase> <!-- method11 -->
</testsuite> <!-- Test -->
