<?xml version="1.0" encoding="UTF-8"?>
<!-- Generated by org.testng.reporters.JUnitXMLReporter -->
<testsuite ignored="0" hostname="DESKTOP-O08QPAT" failures="1" tests="2" name="Validation Test" time="24.829" errors="0" timestamp="2026-02-19T12:33:51 IST">
  <testcase classname="eCommerceSite.EorrorValidation" name="LoginErrorValidation" time="2.177">
    <skipped/>
  </testcase> <!-- LoginErrorValidation -->
  <testcase classname="eCommerceSite.EorrorValidation" name="LoginErrorValidation" time="2.957">
    <failure type="java.lang.AssertionError" message="expected [Incorrect email or password.] but found [Incorrect email  password.]">
      <![CDATA[java.lang.AssertionError: expected [Incorrect email or password.] but found [Incorrect email  password.]
at eCommerceSite.EorrorValidation.LoginErrorValidation(EorrorValidation.java:16)
at java.base/java.util.ArrayList.forEach(ArrayList.java:1596)
at java.base/java.util.concurrent.FutureTask.run(FutureTask.java:317)
at java.base/java.util.concurrent.ThreadPoolExecutor.runWorker(ThreadPoolExecutor.java:1144)
at java.base/java.util.concurrent.ThreadPoolExecutor$Worker.run(ThreadPoolExecutor.java:642)
at java.base/java.lang.Thread.run(Thread.java:1583)
... Removed 21 stack frames]]>
    </failure>
  </testcase> <!-- LoginErrorValidation -->
</testsuite> <!-- Validation Test -->
