<?xml version="1.0" encoding="UTF-8"?>
<!-- Generated by org.testng.reporters.JUnitXMLReporter -->
<testsuite ignored="1" hostname="DESKTOP-O08QPAT" failures="0" tests="2" name="Submit Order Test" time="50.976" errors="0" timestamp="2026-02-23T11:29:46 IST">
  <testcase classname="eCommerceSite.PurchaseOrder" name="SubmitOrder" time="15.195"/>
  <testcase classname="eCommerceSite.PurchaseOrder" name="SubmitOrder" time="19.7"/>
  <testcase classname="eCommerceSite.PurchaseOrder" name="DisplayOrderList" time="0.0">
    <ignored/>
  </testcase> <!-- DisplayOrderList -->
</testsuite> <!-- Submit Order Test -->
