<?xml version="1.0" encoding="UTF-8"?>
<!-- Generated by org.testng.reporters.JUnitXMLReporter -->
<testsuite ignored="1" hostname="DESKTOP-O08QPAT" failures="0" tests="2" name="Submit Order Test" time="60.804" errors="0" timestamp="2026-02-24T11:30:01 IST">
  <testcase classname="eCommerceSite.PurchaseOrder" name="SubmitOrder" time="14.662"/>
  <testcase classname="eCommerceSite.PurchaseOrder" name="SubmitOrder" time="14.181"/>
  <testcase classname="eCommerceSite.PurchaseOrder" name="DisplayOrderList" time="0.0">
    <ignored/>
  </testcase> <!-- DisplayOrderList -->
</testsuite> <!-- Submit Order Test -->
