<?xml version="1.0" encoding="UTF-8"?>
<testsuite xmlns:xsi="http://www.w3.org/2001/XMLSchema-instance" xsi:noNamespaceSchemaLocation="https://maven.apache.org/surefire/maven-surefire-plugin/xsd/surefire-test-report-3.0.xsd" version="3.0" name="TestSuite" time="62.444" tests="3" errors="0" skipped="0" failures="0">
  <properties>
[...]
</properties>
  <testcase name="LoginErrorValidation" classname="eCommerceSite.EorrorValidation" time="0.911">
    <system-err><![CDATA[SLF4J(W): No SLF4J providers were found.
SLF4J(W): Defaulting to no-operation (NOP) logger implementation
SLF4J(W): See https://www.slf4j.org/codes.html#noProviders for further details.
Feb 24, 2026 11:29:23 AM org.openqa.selenium.devtools.CdpVersionFinder findNearestMatch
WARNING: Unable to find an exact match for CDP version 145, returning the closest version; found: 144; Please update to a Selenium version that supports CDP version 145
Feb 24, 2026 11:29:24 AM org.openqa.selenium.devtools.CdpVersionFinder findNearestMatch
WARNING: Unable to find an exact match for CDP version 145, returning the closest version; found: 144; Please update to a Selenium version that supports CDP version 145
]]></system-err>
  </testcase>
  <testcase name="SubmitOrder[{password=Rose@12345, item=ZARA COAT 3, email=rosemerry@gmail.com}](1)" classname="eCommerceSite.PurchaseOrder" time="14.664">
    <system-out><![CDATA[ZARA COAT 3
THANKYOU FOR THE ORDER.
]]></system-out>
  </testcase>
  <testcase name="SubmitOrder[{password=JohnFoe@123, item=ADIDAS ORIGINAL, email=johnfoe@gmail.com}](2)" classname="eCommerceSite.PurchaseOrder" time="14.182">
    <system-out><![CDATA[ADIDAS ORIGINAL
THANKYOU FOR THE ORDER.
]]></system-out>
    <system-err><![CDATA[Feb 24, 2026 11:29:45 AM org.openqa.selenium.devtools.CdpVersionFinder findNearestMatch
WARNING: Unable to find an exact match for CDP version 145, returning the closest version; found: 144; Please update to a Selenium version that supports CDP version 145
]]></system-err>
  </testcase>
</testsuite>