<?xml version="1.0" encoding="UTF-8"?>
<testng-results ignored="1" total="4" passed="3" failed="0" skipped="0">
  <reporter-output>
  </reporter-output>
  <suite started-at="2026-02-24T11:29:00 IST" name="Suite" finished-at="2026-02-24T11:30:01 IST" duration-ms="60804">
    <groups>
      <group name="Purchase">
        <method signature="PurchaseOrder.SubmitOrder(java.util.HashMap)[pri:0, instance:eCommerceSite.PurchaseOrder@21282ed8]" name="SubmitOrder" class="eCommerceSite.PurchaseOrder"/>
      </group> <!-- Purchase -->
    </groups>
    <test started-at="2026-02-24T11:29:00 IST" name="Validation Test" finished-at="2026-02-24T11:29:28 IST" duration-ms="28071">
      <class name="eCommerceSite.EorrorValidation">
        <test-method is-config="true" signature="launchApplication()[pri:0, instance:eCommerceSite.EorrorValidation@3646a422]" started-at="2026-02-24T11:29:00 IST" name="launchApplication" finished-at="2026-02-24T11:29:25 IST" duration-ms="24275" status="PASS">
          <reporter-output>
          </reporter-output>
        </test-method> <!-- launchApplication -->
        <test-method signature="LoginErrorValidation()[pri:0, instance:eCommerceSite.EorrorValidation@3646a422]" started-at="2026-02-24T11:29:25 IST" name="LoginErrorValidation" finished-at="2026-02-24T11:29:28 IST" duration-ms="3257" status="PASS">
          <reporter-output>
          </reporter-output>
        </test-method> <!-- LoginErrorValidation -->
        <test-method is-config="true" signature="tearDown()[pri:0, instance:eCommerceSite.EorrorValidation@3646a422]" started-at="2026-02-24T11:29:28 IST" name="tearDown" finished-at="2026-02-24T11:29:28 IST" duration-ms="443" status="PASS">
          <reporter-output>
          </reporter-output>
        </test-method> <!-- tearDown -->
      </class> <!-- eCommerceSite.EorrorValidation -->
    </test> <!-- Validation Test -->
    <test started-at="2026-02-24T11:29:00 IST" name="Submit Order Test" finished-at="2026-02-24T11:30:01 IST" duration-ms="60804">
      <class name="eCommerceSite.PurchaseOrder">
        <test-method is-config="true" signature="launchApplication()[pri:0, instance:eCommerceSite.PurchaseOrder@21282ed8]" started-at="2026-02-24T11:29:01 IST" name="launchApplication" finished-at="2026-02-24T11:29:27 IST" duration-ms="25955" status="PASS">
          <reporter-output>
          </reporter-output>
        </test-method> <!-- launchApplication -->
        <test-method signature="SubmitOrder(java.util.HashMap)[pri:0, instance:eCommerceSite.PurchaseOrder@21282ed8]" started-at="2026-02-24T11:29:27 IST" name="SubmitOrder" data-provider="getData" finished-at="2026-02-24T11:29:42 IST" duration-ms="14662" status="PASS">
          <params>
            <param index="0">
              <value>
                <![CDATA[{password=Rose@12345, item=ZARA COAT 3, email=rosemerry@gmail.com}]]>
              </value>
            </param>
          </params>
          <reporter-output>
          </reporter-output>
        </test-method> <!-- SubmitOrder -->
        <test-method is-config="true" signature="tearDown()[pri:0, instance:eCommerceSite.PurchaseOrder@21282ed8]" started-at="2026-02-24T11:29:42 IST" name="tearDown" finished-at="2026-02-24T11:29:44 IST" duration-ms="1896" status="PASS">
          <reporter-output>
          </reporter-output>
        </test-method> <!-- tearDown -->
        <test-method is-config="true" signature="launchApplication()[pri:0, instance:eCommerceSite.PurchaseOrder@21282ed8]" started-at="2026-02-24T11:29:44 IST" name="launchApplication" finished-at="2026-02-24T11:29:47 IST" duration-ms="3068" status="PASS">
          <reporter-output>
          </reporter-output>
        </test-method> <!-- launchApplication -->
        <test-method signature="SubmitOrder(java.util.HashMap)[pri:0, instance:eCommerceSite.PurchaseOrder@21282ed8]" started-at="2026-02-24T11:29:47 IST" name="SubmitOrder" data-provider="getData" finished-at="2026-02-24T11:30:01 IST" duration-ms="14181" status="PASS">
          <params>
            <param index="0">
              <value>
                <![CDATA[{password=JohnFoe@123, item=ADIDAS ORIGINAL, email=johnfoe@gmail.com}]]>
              </value>
            </param>
          </params>
          <reporter-output>
          </reporter-output>
        </test-method> <!-- SubmitOrder -->
        <test-method is-config="true" signature="tearDown()[pri:0, instance:eCommerceSite.PurchaseOrder@21282ed8]" started-at="2026-02-24T11:30:01 IST" name="tearDown" finished-at="2026-02-24T11:30:01 IST" duration-ms="273" status="PASS">
          <reporter-output>
          </reporter-output>
        </test-method> <!-- tearDown -->
      </class> <!-- eCommerceSite.PurchaseOrder -->
    </test> <!-- Submit Order Test -->
  </suite> <!-- Suite -->
</testng-results>
