<?xml version="1.0" encoding="UTF-8"?>
<testng-results retried="1" ignored="1" total="5" passed="2" failed="1" skipped="0">
  <reporter-output>
  </reporter-output>
  <suite started-at="2026-02-19T12:33:24 IST" name="Suite" finished-at="2026-02-19T12:34:19 IST" duration-ms="54352">
    <groups>
      <group name="Purchase">
        <method signature="PurchaseOrder.SubmitOrder(java.util.HashMap)[pri:0, instance:eCommerceSite.PurchaseOrder@3cce57c7]" name="SubmitOrder" class="eCommerceSite.PurchaseOrder"/>
      </group> <!-- Purchase -->
    </groups>
    <test started-at="2026-02-19T12:33:24 IST" name="Validation Test" finished-at="2026-02-19T12:33:49 IST" duration-ms="24829">
      <class name="eCommerceSite.EorrorValidation">
        <test-method is-config="true" signature="launchApplication()[pri:0, instance:eCommerceSite.EorrorValidation@bb9e6dc]" started-at="2026-02-19T12:33:24 IST" name="launchApplication" finished-at="2026-02-19T12:33:39 IST" duration-ms="14363" status="PASS">
          <reporter-output>
          </reporter-output>
        </test-method> <!-- launchApplication -->
        <test-method retried="true" signature="LoginErrorValidation()[pri:0, instance:eCommerceSite.EorrorValidation@bb9e6dc]" started-at="2026-02-19T12:33:39 IST" name="LoginErrorValidation" finished-at="2026-02-19T12:33:41 IST" duration-ms="2177" status="SKIP">
          <exception class="java.lang.AssertionError">
            <message>
              <![CDATA[expected [Incorrect email or password.] but found [Incorrect email  password.]]]>
            </message>
            <full-stacktrace>
              <![CDATA[java.lang.AssertionError: expected [Incorrect email or password.] but found [Incorrect email  password.]
at org.testng.Assert.fail(Assert.java:111)
at org.testng.Assert.failNotEquals(Assert.java:1590)
at org.testng.Assert.assertEqualsImpl(Assert.java:150)
at org.testng.Assert.assertEquals(Assert.java:132)
at org.testng.Assert.assertEquals(Assert.java:656)
at org.testng.Assert.assertEquals(Assert.java:666)
at eCommerceSite.EorrorValidation.LoginErrorValidation(EorrorValidation.java:16)
at java.base/jdk.internal.reflect.DirectMethodHandleAccessor.invoke(DirectMethodHandleAccessor.java:103)
at java.base/java.lang.reflect.Method.invoke(Method.java:580)
at org.testng.internal.invokers.MethodInvocationHelper.invokeMethod(MethodInvocationHelper.java:141)
at org.testng.internal.invokers.TestInvoker.invokeMethod(TestInvoker.java:687)
at org.testng.internal.invokers.TestInvoker.invokeTestMethod(TestInvoker.java:230)
at org.testng.internal.invokers.MethodRunner.runInSequence(MethodRunner.java:63)
at org.testng.internal.invokers.TestInvoker$MethodInvocationAgent.invoke(TestInvoker.java:995)
at org.testng.internal.invokers.TestInvoker.invokeTestMethods(TestInvoker.java:203)
at org.testng.internal.invokers.TestMethodWorker.invokeTestMethods(TestMethodWorker.java:154)
at org.testng.internal.invokers.TestMethodWorker.run(TestMethodWorker.java:134)
at java.base/java.util.ArrayList.forEach(ArrayList.java:1596)
at org.testng.TestRunner.privateRun(TestRunner.java:741)
at org.testng.TestRunner.run(TestRunner.java:616)
at org.testng.SuiteRunner.runTest(SuiteRunner.java:421)
at org.testng.SuiteRunner$SuiteWorker.run(SuiteRunner.java:463)
at org.testng.internal.thread.ThreadUtil.lambda$execute$0(ThreadUtil.java:64)
at java.base/java.util.concurrent.FutureTask.run(FutureTask.java:317)
at java.base/java.util.concurrent.ThreadPoolExecutor.runWorker(ThreadPoolExecutor.java:1144)
at java.base/java.util.concurrent.ThreadPoolExecutor$Worker.run(ThreadPoolExecutor.java:642)
at java.base/java.lang.Thread.run(Thread.java:1583)
]]>
            </full-stacktrace>
          </exception> <!-- java.lang.AssertionError -->
          <reporter-output>
          </reporter-output>
        </test-method> <!-- LoginErrorValidation -->
        <test-method is-config="true" signature="tearDown()[pri:0, instance:eCommerceSite.EorrorValidation@bb9e6dc]" started-at="2026-02-19T12:33:41 IST" name="tearDown" finished-at="2026-02-19T12:33:42 IST" duration-ms="840" status="PASS">
          <reporter-output>
          </reporter-output>
        </test-method> <!-- tearDown -->
        <test-method is-config="true" signature="launchApplication()[pri:0, instance:eCommerceSite.EorrorValidation@bb9e6dc]" started-at="2026-02-19T12:33:42 IST" name="launchApplication" finished-at="2026-02-19T12:33:45 IST" duration-ms="3384" status="PASS">
          <reporter-output>
          </reporter-output>
        </test-method> <!-- launchApplication -->
        <test-method signature="LoginErrorValidation()[pri:0, instance:eCommerceSite.EorrorValidation@bb9e6dc]" started-at="2026-02-19T12:33:45 IST" name="LoginErrorValidation" finished-at="2026-02-19T12:33:48 IST" duration-ms="2957" status="FAIL">
          <exception class="java.lang.AssertionError">
            <message>
              <![CDATA[expected [Incorrect email or password.] but found [Incorrect email  password.]]]>
            </message>
            <full-stacktrace>
              <![CDATA[java.lang.AssertionError: expected [Incorrect email or password.] but found [Incorrect email  password.]
at org.testng.Assert.fail(Assert.java:111)
at org.testng.Assert.failNotEquals(Assert.java:1590)
at org.testng.Assert.assertEqualsImpl(Assert.java:150)
at org.testng.Assert.assertEquals(Assert.java:132)
at org.testng.Assert.assertEquals(Assert.java:656)
at org.testng.Assert.assertEquals(Assert.java:666)
at eCommerceSite.EorrorValidation.LoginErrorValidation(EorrorValidation.java:16)
at java.base/jdk.internal.reflect.DirectMethodHandleAccessor.invoke(DirectMethodHandleAccessor.java:103)
at java.base/java.lang.reflect.Method.invoke(Method.java:580)
at org.testng.internal.invokers.MethodInvocationHelper.invokeMethod(MethodInvocationHelper.java:141)
at org.testng.internal.invokers.TestInvoker.invokeMethod(TestInvoker.java:687)
at org.testng.internal.invokers.TestInvoker.retryFailed(TestInvoker.java:269)
at org.testng.internal.invokers.MethodRunner.runInSequence(MethodRunner.java:76)
at org.testng.internal.invokers.TestInvoker$MethodInvocationAgent.invoke(TestInvoker.java:995)
at org.testng.internal.invokers.TestInvoker.invokeTestMethods(TestInvoker.java:203)
at org.testng.internal.invokers.TestMethodWorker.invokeTestMethods(TestMethodWorker.java:154)
at org.testng.internal.invokers.TestMethodWorker.run(TestMethodWorker.java:134)
at java.base/java.util.ArrayList.forEach(ArrayList.java:1596)
at org.testng.TestRunner.privateRun(TestRunner.java:741)
at org.testng.TestRunner.run(TestRunner.java:616)
at org.testng.SuiteRunner.runTest(SuiteRunner.java:421)
at org.testng.SuiteRunner$SuiteWorker.run(SuiteRunner.java:463)
at org.testng.internal.thread.ThreadUtil.lambda$execute$0(ThreadUtil.java:64)
at java.base/java.util.concurrent.FutureTask.run(FutureTask.java:317)
at java.base/java.util.concurrent.ThreadPoolExecutor.runWorker(ThreadPoolExecutor.java:1144)
at java.base/java.util.concurrent.ThreadPoolExecutor$Worker.run(ThreadPoolExecutor.java:642)
at java.base/java.lang.Thread.run(Thread.java:1583)
]]>
            </full-stacktrace>
          </exception> <!-- java.lang.AssertionError -->
          <reporter-output>
          </reporter-output>
        </test-method> <!-- LoginErrorValidation -->
        <test-method is-config="true" signature="tearDown()[pri:0, instance:eCommerceSite.EorrorValidation@bb9e6dc]" started-at="2026-02-19T12:33:49 IST" name="tearDown" finished-at="2026-02-19T12:33:49 IST" duration-ms="412" status="PASS">
          <reporter-output>
          </reporter-output>
        </test-method> <!-- tearDown -->
      </class> <!-- eCommerceSite.EorrorValidation -->
    </test> <!-- Validation Test -->
    <test started-at="2026-02-19T12:33:24 IST" name="Submit Order Test" finished-at="2026-02-19T12:34:19 IST" duration-ms="54352">
      <class name="eCommerceSite.PurchaseOrder">
        <test-method is-config="true" signature="launchApplication()[pri:0, instance:eCommerceSite.PurchaseOrder@3cce57c7]" started-at="2026-02-19T12:33:25 IST" name="launchApplication" finished-at="2026-02-19T12:33:35 IST" duration-ms="9602" status="PASS">
          <reporter-output>
          </reporter-output>
        </test-method> <!-- launchApplication -->
        <test-method signature="SubmitOrder(java.util.HashMap)[pri:0, instance:eCommerceSite.PurchaseOrder@3cce57c7]" started-at="2026-02-19T12:33:35 IST" name="SubmitOrder" data-provider="getData" finished-at="2026-02-19T12:33:57 IST" duration-ms="22627" status="PASS">
          <params>
            <param index="0">
              <value>
                <![CDATA[{password=Rose@123#, item=ZARA COAT 3, email=rosemerry@gmail.com}]]>
              </value>
            </param>
          </params>
          <reporter-output>
          </reporter-output>
        </test-method> <!-- SubmitOrder -->
        <test-method is-config="true" signature="tearDown()[pri:0, instance:eCommerceSite.PurchaseOrder@3cce57c7]" started-at="2026-02-19T12:33:57 IST" name="tearDown" finished-at="2026-02-19T12:33:58 IST" duration-ms="629" status="PASS">
          <reporter-output>
          </reporter-output>
        </test-method> <!-- tearDown -->
        <test-method is-config="true" signature="launchApplication()[pri:0, instance:eCommerceSite.PurchaseOrder@3cce57c7]" started-at="2026-02-19T12:33:58 IST" name="launchApplication" finished-at="2026-02-19T12:34:02 IST" duration-ms="3997" status="PASS">
          <reporter-output>
          </reporter-output>
        </test-method> <!-- launchApplication -->
        <test-method signature="SubmitOrder(java.util.HashMap)[pri:0, instance:eCommerceSite.PurchaseOrder@3cce57c7]" started-at="2026-02-19T12:34:02 IST" name="SubmitOrder" data-provider="getData" finished-at="2026-02-19T12:34:18 IST" duration-ms="15874" status="PASS">
          <params>
            <param index="0">
              <value>
                <![CDATA[{password=JohnFoe@123, item=ADIDAS ORIGINAL, email=johnfoe@gmail.com}]]>
              </value>
            </param>
          </params>
          <reporter-output>
          </reporter-output>
        </test-method> <!-- SubmitOrder -->
        <test-method is-config="true" signature="tearDown()[pri:0, instance:eCommerceSite.PurchaseOrder@3cce57c7]" started-at="2026-02-19T12:34:18 IST" name="tearDown" finished-at="2026-02-19T12:34:19 IST" duration-ms="873" status="PASS">
          <reporter-output>
          </reporter-output>
        </test-method> <!-- tearDown -->
      </class> <!-- eCommerceSite.PurchaseOrder -->
    </test> <!-- Submit Order Test -->
  </suite> <!-- Suite -->
</testng-results>
