<?xml version="1.0" encoding="UTF-8"?>
<!-- Generated by org.testng.reporters.JUnitReportReporter -->
<testsuite hostname="DESKTOP-O08QPAT" failures="0" tests="4" name="testng.Day3" time="0.048" errors="0" timestamp="2026-02-11T17:52:49 IST" skipped="1">
  <testcase classname="testng.Day3" name="Selenium" time="0.006"/>
  <testcase classname="testng.Day3" name="Selenium" time="0.021"/>
  <testcase classname="testng.Day3" name="Playwright" time="0.021"/>
  <testcase classname="testng.Day3" name="API">
    <skipped/>
  </testcase> <!-- API -->
</testsuite> <!-- testng.Day3 -->
