<?xml version="1.0" encoding="UTF-8"?>
<!-- Generated by org.testng.reporters.JUnitReportReporter -->
<testsuite hostname="DESKTOP-O08QPAT" failures="0" tests="3" name="eCommerceSite.PurchaseOrder" time="53.602" errors="0" timestamp="2026-02-19T12:34:19 IST" skipped="1">
  <testcase classname="eCommerceSite.PurchaseOrder" name="SubmitOrder" time="20.500"/>
  <testcase classname="eCommerceSite.PurchaseOrder" name="SubmitOrder" time="33.102"/>
  <testcase classname="eCommerceSite.PurchaseOrder" name="DisplayOrderList">
    <skipped/>
  </testcase> <!-- DisplayOrderList -->
</testsuite> <!-- eCommerceSite.PurchaseOrder -->
