<?xml version="1.0" encoding="UTF-8"?>
<!-- Generated by org.testng.reporters.JUnitReportReporter -->
<testsuite hostname="DESKTOP-O08QPAT" failures="0" tests="2" name="utilities.StandAloneExtentReport" time="23.243" errors="0" timestamp="2026-02-17T14:23:24 IST" skipped="0">
  <testcase classname="utilities.StandAloneExtentReport" name="launchBrowser" time="22.726"/>
  <testcase classname="utilities.StandAloneExtentReport" name="config" time="0.517"/>
</testsuite> <!-- utilities.StandAloneExtentReport -->
