<?xml version="1.0" encoding="UTF-8"?>
<!-- Generated by org.testng.reporters.JUnitReportReporter -->
<testsuite hostname="DESKTOP-O08QPAT" failures="0" tests="3" name="eCommerceSite.StandAloneTest" time="53.272" errors="0" timestamp="2026-02-16T16:03:42 IST" skipped="1">
  <testcase classname="eCommerceSite.StandAloneTest" name="SubmitOrder" time="30.150"/>
  <testcase classname="eCommerceSite.StandAloneTest" name="SubmitOrder" time="23.122"/>
  <testcase classname="eCommerceSite.StandAloneTest" name="DisplayOrderList">
    <skipped/>
  </testcase> <!-- DisplayOrderList -->
</testsuite> <!-- eCommerceSite.StandAloneTest -->
