<?xml version="1.0" encoding="UTF-8"?>
<!-- Generated by org.testng.reporters.JUnitReportReporter -->
<testsuite hostname="DESKTOP-O08QPAT" failures="0" tests="4" name="testng.Day4" time="0.081" errors="0" timestamp="2026-02-11T17:52:49 IST" skipped="0">
  <testcase classname="testng.Day4" name="APITest" time="0.011"/>
  <testcase classname="testng.Day4" name="RESTAPI" time="0.030"/>
  <testcase classname="testng.Day4" name="Cypress" time="0.037"/>
  <testcase classname="testng.Day4" name="JMeter" time="0.003"/>
</testsuite> <!-- testng.Day4 -->
