<?xml version="1.0" encoding="UTF-8"?>
<!-- Generated by org.testng.reporters.JUnitReportReporter -->
<testsuite hostname="DESKTOP-O08QPAT" failures="0" tests="3" name="eCommerceSite.PurchaseOrder" time="50.233" errors="0" timestamp="2026-02-23T11:29:46 IST" skipped="1">
  <testcase classname="eCommerceSite.PurchaseOrder" name="SubmitOrder" time="27.127"/>
  <testcase classname="eCommerceSite.PurchaseOrder" name="SubmitOrder" time="23.106"/>
  <testcase classname="eCommerceSite.PurchaseOrder" name="DisplayOrderList">
    <skipped/>
  </testcase> <!-- DisplayOrderList -->
</testsuite> <!-- eCommerceSite.PurchaseOrder -->
